2017-05-14 23:13:06,320 INFO 7376 [master] =================== egg start =====================
2017-05-14 23:13:06,321 INFO 7376 [master] egg version 1.3.0
2017-05-14 23:13:06,322 INFO 7376 [master] start with options: {"framework":"/Users/adam/Documents/private_repo/egg-example/node_modules/egg","baseDir":"/Users/adam/Documents/private_repo/egg-example","port":8000,"workers":4,"plugins":null,"https":false,"key":"","cert":""}
2017-05-14 23:13:06,322 INFO 7376 [master] start with env: isProduction: true, isDebug: false, EGG_SERVER_ENV: prod, NODE_ENV: undefined
2017-05-14 23:13:06,331 INFO 7376 [master] Agent Worker:7382 start with ["{\"framework\":\"/Users/adam/Documents/private_repo/egg-example/node_modules/egg\",\"baseDir\":\"/Users/adam/Documents/private_repo/egg-example\",\"port\":8000,\"workers\":4,\"plugins\":null,\"https\":false,\"key\":\"\",\"cert\":\"\",\"clusterPort\":53228}"]
2017-05-14 23:13:06,654 INFO 7382 [egg:logger] init all loggers with options: {"dir":"/Users/adam/logs/example","encoding":"utf8","env":"prod","level":"INFO","consoleLevel":"INFO","outputJSON":false,"buffer":true,"appLogName":"example-web.log","coreLogName":"egg-web.log","agentLogName":"egg-agent.log","errorLogName":"common-error.log","coreLogger":{},"type":"agent"}
2017-05-14 23:13:07,001 INFO 7382 [egg-watcher:agent] watcher start success
2017-05-14 23:13:07,073 WARN 7382 [egg-watcher] defaultEventSource watcher will NOT take effect
2017-05-14 23:13:07,093 INFO 7382 [model] SELECT VERSION() as `version` (5ms)
2017-05-14 23:13:07,104 INFO 7382 [model] SELECT 1+1 AS result (1ms)
2017-05-14 23:13:07,110 INFO 7376 [master] Agent Worker started (783ms)
2017-05-14 23:13:07,124 INFO 7376 [master] App Worker#1:7383 start, state: none, current workers: ["1","2","3","4"]
2017-05-14 23:13:07,124 INFO 7376 [master] App Worker#2:7384 start, state: none, current workers: ["1","2","3","4"]
2017-05-14 23:13:07,124 INFO 7376 [master] App Worker#3:7385 start, state: none, current workers: ["1","2","3","4"]
2017-05-14 23:13:07,124 INFO 7376 [master] App Worker#4:7386 start, state: none, current workers: ["1","2","3","4"]
2017-05-14 23:13:07,984 INFO 7383 [egg:logger] init all loggers with options: {"dir":"/Users/adam/logs/example","encoding":"utf8","env":"prod","level":"INFO","consoleLevel":"INFO","outputJSON":false,"buffer":true,"appLogName":"example-web.log","coreLogName":"egg-web.log","agentLogName":"egg-agent.log","errorLogName":"common-error.log","coreLogger":{},"type":"application"}
2017-05-14 23:13:07,986 INFO 7384 [egg:logger] init all loggers with options: {"dir":"/Users/adam/logs/example","encoding":"utf8","env":"prod","level":"INFO","consoleLevel":"INFO","outputJSON":false,"buffer":true,"appLogName":"example-web.log","coreLogName":"egg-web.log","agentLogName":"egg-agent.log","errorLogName":"common-error.log","coreLogger":{},"type":"application"}
2017-05-14 23:13:08,072 INFO 7383 [egg-schedule]: register schedule egg-schedule:/Users/adam/Documents/private_repo/egg-example/node_modules/egg-logrotator/app/schedule/clean_log.js
2017-05-14 23:13:08,074 INFO 7383 [egg-schedule]: register schedule egg-schedule:/Users/adam/Documents/private_repo/egg-example/node_modules/egg-logrotator/app/schedule/rotate_by_file.js
2017-05-14 23:13:08,112 INFO 7384 [egg-schedule]: register schedule egg-schedule:/Users/adam/Documents/private_repo/egg-example/node_modules/egg-logrotator/app/schedule/clean_log.js
2017-05-14 23:13:08,116 INFO 7384 [egg-schedule]: register schedule egg-schedule:/Users/adam/Documents/private_repo/egg-example/node_modules/egg-logrotator/app/schedule/rotate_by_file.js
2017-05-14 23:13:08,180 INFO 7386 [egg:logger] init all loggers with options: {"dir":"/Users/adam/logs/example","encoding":"utf8","env":"prod","level":"INFO","consoleLevel":"INFO","outputJSON":false,"buffer":true,"appLogName":"example-web.log","coreLogName":"egg-web.log","agentLogName":"egg-agent.log","errorLogName":"common-error.log","coreLogger":{},"type":"application"}
2017-05-14 23:13:08,245 INFO 7385 [egg:logger] init all loggers with options: {"dir":"/Users/adam/logs/example","encoding":"utf8","env":"prod","level":"INFO","consoleLevel":"INFO","outputJSON":false,"buffer":true,"appLogName":"example-web.log","coreLogName":"egg-web.log","agentLogName":"egg-agent.log","errorLogName":"common-error.log","coreLogger":{},"type":"application"}
2017-05-14 23:13:08,347 INFO 7386 [egg-schedule]: register schedule egg-schedule:/Users/adam/Documents/private_repo/egg-example/node_modules/egg-logrotator/app/schedule/clean_log.js
2017-05-14 23:13:08,348 INFO 7386 [egg-schedule]: register schedule egg-schedule:/Users/adam/Documents/private_repo/egg-example/node_modules/egg-logrotator/app/schedule/rotate_by_file.js
2017-05-14 23:13:08,370 INFO 7385 [egg-schedule]: register schedule egg-schedule:/Users/adam/Documents/private_repo/egg-example/node_modules/egg-logrotator/app/schedule/clean_log.js
2017-05-14 23:13:08,370 INFO 7385 [egg-schedule]: register schedule egg-schedule:/Users/adam/Documents/private_repo/egg-example/node_modules/egg-logrotator/app/schedule/rotate_by_file.js
2017-05-14 23:13:08,765 INFO 7383 [egg-static] starting static serve /public/ -> /Users/adam/Documents/private_repo/egg-example/app/public
2017-05-14 23:13:08,769 INFO 7383 [egg-security] use methodnoallow middleware
2017-05-14 23:13:08,770 INFO 7383 [egg-security] use noopen middleware
2017-05-14 23:13:08,772 INFO 7383 [egg-security] use nosniff middleware
2017-05-14 23:13:08,772 INFO 7384 [egg-static] starting static serve /public/ -> /Users/adam/Documents/private_repo/egg-example/app/public
2017-05-14 23:13:08,773 INFO 7383 [egg-security] use xssProtection middleware
2017-05-14 23:13:08,774 INFO 7383 [egg-security] use xframe middleware
2017-05-14 23:13:08,774 INFO 7383 [egg-security] compose 5 middlewares into one security middleware
2017-05-14 23:13:08,776 INFO 7384 [egg-security] use methodnoallow middleware
2017-05-14 23:13:08,777 INFO 7384 [egg-security] use noopen middleware
2017-05-14 23:13:08,778 INFO 7384 [egg-security] use nosniff middleware
2017-05-14 23:13:08,779 INFO 7384 [egg-security] use xssProtection middleware
2017-05-14 23:13:08,779 INFO 7384 [egg-security] use xframe middleware
2017-05-14 23:13:08,779 INFO 7384 [egg-security] compose 5 middlewares into one security middleware
2017-05-14 23:13:08,901 INFO 7386 [egg-static] starting static serve /public/ -> /Users/adam/Documents/private_repo/egg-example/app/public
2017-05-14 23:13:08,909 INFO 7386 [egg-security] use methodnoallow middleware
2017-05-14 23:13:08,909 INFO 7383 [egg-watcher:app] watcher start success
2017-05-14 23:13:08,910 INFO 7386 [egg-security] use noopen middleware
2017-05-14 23:13:08,915 INFO 7386 [egg-security] use nosniff middleware
2017-05-14 23:13:08,915 INFO 7384 [egg-watcher:app] watcher start success
2017-05-14 23:13:08,916 INFO 7386 [egg-security] use xssProtection middleware
2017-05-14 23:13:08,917 INFO 7386 [egg-security] use xframe middleware
2017-05-14 23:13:08,917 INFO 7386 [egg-security] compose 5 middlewares into one security middleware
2017-05-14 23:13:08,955 INFO 7384 [model] SELECT VERSION() as `version` (10ms)
2017-05-14 23:13:08,955 INFO 7385 [egg-static] starting static serve /public/ -> /Users/adam/Documents/private_repo/egg-example/app/public
2017-05-14 23:13:08,961 INFO 7385 [egg-security] use methodnoallow middleware
2017-05-14 23:13:08,963 INFO 7385 [egg-security] use noopen middleware
2017-05-14 23:13:08,963 INFO 7385 [egg-security] use nosniff middleware
2017-05-14 23:13:08,963 INFO 7383 [model] SELECT VERSION() as `version` (21ms)
2017-05-14 23:13:08,965 INFO 7385 [egg-security] use xssProtection middleware
2017-05-14 23:13:08,965 INFO 7385 [egg-security] use xframe middleware
2017-05-14 23:13:08,965 INFO 7385 [egg-security] compose 5 middlewares into one security middleware
2017-05-14 23:13:08,976 INFO 7383 [model] SELECT 1+1 AS result (1ms)
2017-05-14 23:13:08,978 INFO 7384 [model] SELECT 1+1 AS result (2ms)
2017-05-14 23:13:08,990 WARN 7376 [master] App Worker#1:7383 started at 8000, remain 3 (1879ms)
2017-05-14 23:13:08,993 WARN 7376 [master] App Worker#2:7384 started at 8000, remain 2 (1883ms)
2017-05-14 23:13:09,058 INFO 7386 [egg-watcher:app] watcher start success
2017-05-14 23:13:09,077 INFO 7386 [model] SELECT VERSION() as `version` (5ms)
2017-05-14 23:13:09,081 INFO 7385 [egg-watcher:app] watcher start success
2017-05-14 23:13:09,117 INFO 7386 [model] SELECT 1+1 AS result (23ms)
2017-05-14 23:13:09,144 WARN 7376 [master] App Worker#4:7386 started at 8000, remain 1 (2034ms)
2017-05-14 23:13:09,147 INFO 7385 [model] SELECT VERSION() as `version` (10ms)
2017-05-14 23:13:09,175 INFO 7385 [model] SELECT 1+1 AS result (5ms)
2017-05-14 23:13:09,188 WARN 7376 [master] App Worker#3:7385 started at 8000, remain 0 (2078ms)
2017-05-14 23:13:09,190 INFO 7376 [master] egg started on http://127.0.0.1:8000 (2868ms)
2017-05-14 23:25:05,621 INFO 7376 [master] exit with code: 0
2017-05-14 23:25:05,622 WARN 7382 [agent_worker] Agent Worker exit with signal SIGTERM
